#
# A fatal error has been detected by the Java Runtime Environment:
#
#  EXCEPTION_ACCESS_VIOLATION (0xc0000005) at pc=0x00007ffa0fb3fb94, pid=18780, tid=0x0000000000001f8c
#
# JRE version: Java(TM) SE Runtime Environment (8.0_102-b14) (build 1.8.0_102-b14)
# Java VM: Java HotSpot(TM) 64-Bit Server VM (25.102-b14 mixed mode windows-amd64 compressed oops)
# Problematic frame:
# C  [thosttraderapi.dll+0xefb94]
#
# Failed to write core dump. Minidumps are not enabled by default on client versions of Windows
#
# If you would like to submit a bug report, please visit:
#   http://bugreport.java.com/bugreport/crash.jsp
# The crash happened outside the Java Virtual Machine in native code.
# See problematic frame for where to report the bug.
#

---------------  T H R E A D  ---------------

Current thread (0x000000001be87800):  JavaThread "Thread-7" daemon [_thread_in_native, id=8076, stack(0x000000001e9b0000,0x000000001eab0000)]

siginfo: ExceptionCode=0xc0000005, writing address 0x0000000000000000

Registers:
RAX=0x0000000000000000, RBX=0x0000000000f11f30, RCX=0x00000000ffffffff, RDX=0x0000000000000001
RSP=0x000000001eaaeac0, RBP=0x00007ffa0fc34b40, RSI=0x0000000000000000, RDI=0x0000000000000000
R8 =0x00007ffa0ff80730, R9 =0x00007ffa0ff80730, R10=0x0000000000000000, R11=0x0000000000000246
R12=0x0000000000f212f0, R13=0x0000000000000000, R14=0x000000001b3dda90, R15=0x0000000000000000
RIP=0x00007ffa0fb3fb94, EFLAGS=0x0000000000010202

Top of Stack: (sp=0x000000001eaaeac0)
0x000000001eaaeac0:   00007ffa0fcf8510 0000000000f11f30
0x000000001eaaead0:   0000000000000117 00007ffa0fc34ad8
0x000000001eaaeae0:   73726573555c3a43 70415c726573755c
0x000000001eaaeaf0:   6f4c5c6174614470 706d65545c6c6163
0x000000001eaaeb00:   6465725c7a79785c 70615c6863726f74
0x000000001eaaeb10:   545c7074636a5c69 5c5054435f504d45
0x000000001eaaeb20:   64626431355f4454 69445f7c5c356139
0x000000001eaaeb30:   2e707352676f6c61 00000000006e6f63
0x000000001eaaeb40:   0000000000001390 00000000011f24c0
0x000000001eaaeb50:   00000000011f0d50 000000000000002f
0x000000001eaaeb60:   0000000000000020 0000000000000000
0x000000001eaaeb70:   0000000000d20000 0000000000000020
0x000000001eaaeb80:   0000000000000018 0000000000000000
0x000000001eaaeb90:   0000000000000004 0000000000000002
0x000000001eaaeba0:   0000000000000000 0000000000000000
0x000000001eaaebb0:   0000000000d20000 00007ffa6aaf265b 

Instructions: (pc=0x00007ffa0fb3fb94)
0x00007ffa0fb3fb74:   48 8d 0d 5d 87 0e 00 41 b8 17 01 00 00 e8 42 b0
0x00007ffa0fb3fb84:   0c 00 e8 9d a6 0c 00 48 8d 48 30 e8 f8 a8 0c 00
0x00007ffa0fb3fb94:   45 88 3f 48 8b 4b 08 45 33 c0 33 d2 e8 8b cc 0c
0x00007ffa0fb3fba4:   00 40 84 ff 74 6c 4c 8b 4b 08 ba 02 00 00 00 48 


Register to memory mapping:

RAX=0x0000000000000000 is an unknown value
RBX=0x0000000000f11f30 is an unknown value
RCX=0x00000000ffffffff is an unallocated location in the heap
RDX=0x0000000000000001 is an unknown value
RSP=0x000000001eaaeac0 is pointing into the stack for thread: 0x000000001be87800
RBP=0x00007ffa0fc34b40 is an unknown value
RSI=0x0000000000000000 is an unknown value
RDI=0x0000000000000000 is an unknown value
R8 =0x00007ffa0ff80730 is an unknown value
R9 =0x00007ffa0ff80730 is an unknown value
R10=0x0000000000000000 is an unknown value
R11=0x0000000000000246 is an unknown value
R12=0x0000000000f212f0 is an unknown value
R13=0x0000000000000000 is an unknown value
R14=0x000000001b3dda90 is an unknown value
R15=0x0000000000000000 is an unknown value


Stack: [0x000000001e9b0000,0x000000001eab0000],  sp=0x000000001eaaeac0,  free space=1018k
Native frames: (J=compiled Java code, j=interpreted, Vv=VM code, C=native code)
C  [thosttraderapi.dll+0xefb94]
C  [thosttraderapi.dll+0xec889]
C  [thosttraderapi.dll+0xba163]
C  [thosttraderapi.dll+0xf65b8]
C  [thosttraderapi.dll+0xf6651]
C  [jctptraderapiv6v3v11x64.dll+0x53c21]
C  0x00000000032e7f54

Java frames: (J=compiled Java code, j=interpreted, Vv=VM code)
j  xyz.redtorch.api.jctp.jctptraderapiv6v3v11x64JNI.CThostFtdcTraderApi_CreateFtdcTraderApi__SWIG_0(Ljava/lang/String;)J+0
j  xyz.redtorch.api.jctp.CThostFtdcTraderApi.CreateFtdcTraderApi(Ljava/lang/String;)Lxyz/redtorch/api/jctp/CThostFtdcTraderApi;+1
j  xyz.redtorch.trader.gateway.ctp.TdSpi.connect()V+355
j  xyz.redtorch.trader.gateway.ctp.CtpGateway.connect()V+11
j  xyz.redtorch.trader.engine.main.impl.MainEngineImpl.connectGateway(Ljava/lang/String;)V+101
j  xyz.redtorch.web.service.impl.TradingServiceImpl.changeGatewayConnectStatus(Ljava/lang/String;)V+51
j  com.zd.business.engine.main.OrderEventHandler.onEvent(Lcom/zd/business/engine/main/OrderEvent;JZ)V+290
j  com.zd.business.engine.main.OrderEventHandler.onEvent(Ljava/lang/Object;JZ)V+8
j  com.lmax.disruptor.BatchEventProcessor.processEvents()V+82
j  com.lmax.disruptor.BatchEventProcessor.run()V+37
j  java.util.concurrent.ThreadPoolExecutor.runWorker(Ljava/util/concurrent/ThreadPoolExecutor$Worker;)V+95
j  java.util.concurrent.ThreadPoolExecutor$Worker.run()V+5
j  java.lang.Thread.run()V+11
v  ~StubRoutines::call_stub

---------------  P R O C E S S  ---------------

Java Threads: ( => current thread )
  0x000000001be8b800 JavaThread "Timer-0" daemon [_thread_blocked, id=15816, stack(0x00000000219d0000,0x0000000021ad0000)]
  0x000000001be8a800 JavaThread "Thread-17" daemon [_thread_blocked, id=22204, stack(0x00000000218d0000,0x00000000219d0000)]
  0x000000001be8a000 JavaThread "Thread-16" daemon [_thread_blocked, id=16244, stack(0x00000000217d0000,0x00000000218d0000)]
  0x000000001be8c000 JavaThread "Thread-15" daemon [_thread_in_native, id=21604, stack(0x00000000216d0000,0x00000000217d0000)]
  0x000000001be8e800 JavaThread "Thread-14" daemon [_thread_blocked, id=15684, stack(0x00000000205c0000,0x00000000206c0000)]
  0x000000001be8d000 JavaThread "Thread-13" daemon [_thread_blocked, id=21376, stack(0x00000000204c0000,0x00000000205c0000)]
  0x000000001be8d800 JavaThread "Thread-12" daemon [_thread_in_native, id=23960, stack(0x00000000203c0000,0x00000000204c0000)]
  0x000000001be89000 JavaThread "nioEventLoopGroup-3-2" [_thread_in_native, id=16112, stack(0x000000001f1b0000,0x000000001f2b0000)]
  0x000000001be82800 JavaThread "nioEventLoopGroup-3-1" [_thread_in_native, id=19032, stack(0x000000001f0b0000,0x000000001f1b0000)]
  0x000000001be81800 JavaThread "DestroyJavaVM" [_thread_blocked, id=19132, stack(0x00000000030d0000,0x00000000031d0000)]
  0x000000001be88800 JavaThread "Thread-10" [_thread_blocked, id=23012, stack(0x000000001efb0000,0x000000001f0b0000)]
  0x000000001be84000 JavaThread "nioEventLoopGroup-2-1" [_thread_in_native, id=21060, stack(0x000000001eeb0000,0x000000001efb0000)]
  0x000000001be84800 JavaThread "ObjectCleanerThread" daemon [_thread_blocked, id=12116, stack(0x000000001edb0000,0x000000001eeb0000)]
  0x000000001be81000 JavaThread "Thread-8" [_thread_blocked, id=22980, stack(0x000000001eab0000,0x000000001ebb0000)]
=>0x000000001be87800 JavaThread "Thread-7" daemon [_thread_in_native, id=8076, stack(0x000000001e9b0000,0x000000001eab0000)]
  0x000000001be80000 JavaThread "http-nio-6001-AsyncTimeout" daemon [_thread_blocked, id=16312, stack(0x000000001e8b0000,0x000000001e9b0000)]
  0x000000001be87000 JavaThread "http-nio-6001-Acceptor-0" daemon [_thread_in_native, id=22032, stack(0x000000001e7b0000,0x000000001e8b0000)]
  0x000000001be83000 JavaThread "http-nio-6001-ClientPoller-1" daemon [_thread_in_native, id=2852, stack(0x000000001e6b0000,0x000000001e7b0000)]
  0x000000001be85800 JavaThread "http-nio-6001-ClientPoller-0" daemon [_thread_in_native, id=20708, stack(0x000000001e5b0000,0x000000001e6b0000)]
  0x000000001be7f800 JavaThread "http-nio-6001-exec-10" daemon [_thread_blocked, id=10896, stack(0x000000001e4b0000,0x000000001e5b0000)]
  0x000000001be86000 JavaThread "http-nio-6001-exec-9" daemon [_thread_blocked, id=20748, stack(0x000000001e3b0000,0x000000001e4b0000)]
  0x000000001be13800 JavaThread "http-nio-6001-exec-8" daemon [_thread_blocked, id=22700, stack(0x000000001e2b0000,0x000000001e3b0000)]
  0x000000001be11000 JavaThread "http-nio-6001-exec-7" daemon [_thread_blocked, id=18212, stack(0x000000001e1b0000,0x000000001e2b0000)]
  0x000000001be10800 JavaThread "http-nio-6001-exec-6" daemon [_thread_blocked, id=19276, stack(0x000000001e0b0000,0x000000001e1b0000)]
  0x000000001be17000 JavaThread "http-nio-6001-exec-5" daemon [_thread_blocked, id=22444, stack(0x000000001dfb0000,0x000000001e0b0000)]
  0x000000001be15800 JavaThread "http-nio-6001-exec-4" daemon [_thread_blocked, id=9668, stack(0x000000001deb0000,0x000000001dfb0000)]
  0x000000001be15000 JavaThread "http-nio-6001-exec-3" daemon [_thread_blocked, id=15896, stack(0x000000001ddb0000,0x000000001deb0000)]
  0x000000001be12800 JavaThread "http-nio-6001-exec-2" daemon [_thread_blocked, id=22972, stack(0x000000001dcb0000,0x000000001ddb0000)]
  0x000000001be12000 JavaThread "http-nio-6001-exec-1" daemon [_thread_blocked, id=7324, stack(0x000000001dbb0000,0x000000001dcb0000)]
  0x000000001be16800 JavaThread "NioBlockingSelector.BlockPoller-1" daemon [_thread_in_native, id=14284, stack(0x000000001dab0000,0x000000001dbb0000)]
  0x000000001be14000 JavaThread "CleanCursors-1-thread-1" daemon [_thread_blocked, id=22020, stack(0x000000001d6b0000,0x000000001d7b0000)]
  0x000000001bda2000 JavaThread "cluster-ClusterId{value='5b7f9f6e27351f495c486d22', description='null'}-localhost:27017" daemon [_thread_blocked, id=3816, stack(0x000000001d5b0000,0x000000001d6b0000)]
  0x000000001bcad800 JavaThread "Thread-4" daemon [_thread_in_vm, id=14132, stack(0x000000001d2b0000,0x000000001d3b0000)]
  0x000000001bc67800 JavaThread "Thread-3" daemon [_thread_in_vm, id=23848, stack(0x000000001d1b0000,0x000000001d2b0000)]
  0x000000001bb9b800 JavaThread "container-0" [_thread_blocked, id=24556, stack(0x000000001ceb0000,0x000000001cfb0000)]
  0x000000001bb9b000 JavaThread "ContainerBackgroundProcessor[StandardEngine[Tomcat]]" daemon [_thread_blocked, id=21080, stack(0x000000001cdb0000,0x000000001ceb0000)]
  0x0000000019e64800 JavaThread "RMI TCP Accept-0" daemon [_thread_in_native, id=19768, stack(0x000000001a630000,0x000000001a730000)]
  0x0000000019e5e000 JavaThread "RMI TCP Accept-11794" daemon [_thread_in_native, id=23648, stack(0x000000001a530000,0x000000001a630000)]
  0x0000000019e0a800 JavaThread "RMI TCP Accept-0" daemon [_thread_in_native, id=8780, stack(0x000000001a430000,0x000000001a530000)]
  0x0000000019282800 JavaThread "Service Thread" daemon [_thread_blocked, id=8832, stack(0x0000000019b00000,0x0000000019c00000)]
  0x0000000017e5c800 JavaThread "C1 CompilerThread2" daemon [_thread_blocked, id=3148, stack(0x0000000019a00000,0x0000000019b00000)]
  0x0000000017e59800 JavaThread "C2 CompilerThread1" daemon [_thread_blocked, id=10420, stack(0x0000000019900000,0x0000000019a00000)]
  0x0000000017e48800 JavaThread "C2 CompilerThread0" daemon [_thread_blocked, id=20880, stack(0x0000000019800000,0x0000000019900000)]
  0x0000000017e57000 JavaThread "Attach Listener" daemon [_thread_blocked, id=22676, stack(0x0000000019700000,0x0000000019800000)]
  0x0000000019243800 JavaThread "Signal Dispatcher" daemon [_thread_blocked, id=20208, stack(0x0000000019600000,0x0000000019700000)]
  0x0000000017e20000 JavaThread "Finalizer" daemon [_thread_blocked, id=2188, stack(0x0000000019090000,0x0000000019190000)]
  0x00000000032c6000 JavaThread "Reference Handler" daemon [_thread_blocked, id=1140, stack(0x0000000018f90000,0x0000000019090000)]

Other Threads:
  0x0000000017df7000 VMThread [stack: 0x0000000018e90000,0x0000000018f90000] [id=21516]
  0x0000000019e79000 WatcherThread [stack: 0x000000001a730000,0x000000001a830000] [id=16052]

VM state:not at safepoint (normal execution)

VM Mutex/Monitor currently owned by a thread: None

Heap:
 PSYoungGen      total 192000K, used 142465K [0x00000000d5f00000, 0x00000000e6c80000, 0x0000000100000000)
  eden space 157184K, 68% used [0x00000000d5f00000,0x00000000dc823470,0x00000000df880000)
  from space 34816K, 99% used [0x00000000e3280000,0x00000000e547d128,0x00000000e5480000)
  to   space 59392K, 0% used [0x00000000df880000,0x00000000df880000,0x00000000e3280000)
 ParOldGen       total 148480K, used 95114K [0x0000000081c00000, 0x000000008ad00000, 0x00000000d5f00000)
  object space 148480K, 64% used [0x0000000081c00000,0x00000000878e28b0,0x000000008ad00000)
 Metaspace       used 41552K, capacity 42815K, committed 43008K, reserved 1087488K
  class space    used 5051K, capacity 5302K, committed 5376K, reserved 1048576K

Card table byte_map: [0x0000000012690000,0x0000000012a90000] byte_map_base: 0x0000000012282000

Marking Bits: (ParMarkBitMap*) 0x000000006b3ca6c0
 Begin Bits: [0x0000000013140000, 0x00000000150d0000)
 End Bits:   [0x00000000150d0000, 0x0000000017060000)

Polling page: 0x0000000002d50000

CodeCache: size=245760Kb used=7883Kb max_used=7883Kb free=237876Kb
 bounds [0x00000000032d0000, 0x0000000003a90000, 0x00000000122d0000]
 total_blobs=4288 nmethods=3795 adapters=404
 compilation: enabled

Compilation events (10 events):
Event: 73.401 Thread 0x0000000017e5c800 3793       1       org.bson.AbstractBsonWriter$Context::getContextType (5 bytes)
Event: 73.401 Thread 0x0000000017e5c800 nmethod 3793 0x0000000003a80dd0 code [0x0000000003a80f20, 0x0000000003a81030]
Event: 73.402 Thread 0x0000000017e5c800 3794       1       org.bson.BsonElement::getValue (5 bytes)
Event: 73.402 Thread 0x0000000017e5c800 nmethod 3794 0x0000000003a81090 code [0x0000000003a811e0, 0x0000000003a812f0]
Event: 73.402 Thread 0x0000000017e5c800 3796       1       com.mongodb.assertions.Assertions::notNull (33 bytes)
Event: 73.402 Thread 0x0000000017e5c800 nmethod 3796 0x0000000003a81350 code [0x0000000003a814e0, 0x0000000003a81878]
Event: 73.402 Thread 0x0000000017e5c800 3795       1       org.bson.BsonElement::getName (5 bytes)
Event: 73.402 Thread 0x0000000017e5c800 nmethod 3795 0x0000000003a81a90 code [0x0000000003a81be0, 0x0000000003a81cf0]
Event: 74.781 Thread 0x0000000017e5c800 3797       1       java.io.OutputStream::flush (1 bytes)
Event: 74.781 Thread 0x0000000017e5c800 nmethod 3797 0x0000000003a82d90 code [0x0000000003a82ee0, 0x0000000003a82ff0]

GC Heap History (10 events):
Event: 1.445 GC heap before
{Heap before GC invocations=6 (full 1):
 PSYoungGen      total 71680K, used 66560K [0x00000000d5f00000, 0x00000000daa00000, 0x0000000100000000)
  eden space 66560K, 100% used [0x00000000d5f00000,0x00000000da000000,0x00000000da000000)
  from space 5120K, 0% used [0x00000000da500000,0x00000000da500000,0x00000000daa00000)
  to   space 5120K, 0% used [0x00000000da000000,0x00000000da000000,0x00000000da500000)
 ParOldGen       total 52736K, used 5546K [0x0000000081c00000, 0x0000000084f80000, 0x00000000d5f00000)
  object space 52736K, 10% used [0x0000000081c00000,0x000000008216a838,0x0000000084f80000)
 Metaspace       used 22877K, capacity 23502K, committed 23808K, reserved 1069056K
  class space    used 3061K, capacity 3227K, committed 3328K, reserved 1048576K
Event: 1.451 GC heap after
Heap after GC invocations=6 (full 1):
 PSYoungGen      total 71680K, used 5108K [0x00000000d5f00000, 0x00000000ddf80000, 0x0000000100000000)
  eden space 66560K, 0% used [0x00000000d5f00000,0x00000000d5f00000,0x00000000da000000)
  from space 5120K, 99% used [0x00000000da000000,0x00000000da4fd160,0x00000000da500000)
  to   space 9728K, 0% used [0x00000000dd600000,0x00000000dd600000,0x00000000ddf80000)
 ParOldGen       total 52736K, used 8125K [0x0000000081c00000, 0x0000000084f80000, 0x00000000d5f00000)
  object space 52736K, 15% used [0x0000000081c00000,0x00000000823ef440,0x0000000084f80000)
 Metaspace       used 22877K, capacity 23502K, committed 23808K, reserved 1069056K
  class space    used 3061K, capacity 3227K, committed 3328K, reserved 1048576K
}
Event: 1.925 GC heap before
{Heap before GC invocations=7 (full 1):
 PSYoungGen      total 71680K, used 71668K [0x00000000d5f00000, 0x00000000ddf80000, 0x0000000100000000)
  eden space 66560K, 100% used [0x00000000d5f00000,0x00000000da000000,0x00000000da000000)
  from space 5120K, 99% used [0x00000000da000000,0x00000000da4fd160,0x00000000da500000)
  to   space 9728K, 0% used [0x00000000dd600000,0x00000000dd600000,0x00000000ddf80000)
 ParOldGen       total 52736K, used 8125K [0x0000000081c00000, 0x0000000084f80000, 0x00000000d5f00000)
  object space 52736K, 15% used [0x0000000081c00000,0x00000000823ef440,0x0000000084f80000)
 Metaspace       used 26300K, capacity 27368K, committed 27648K, reserved 1073152K
  class space    used 3559K, capacity 3778K, committed 3840K, reserved 1048576K
Event: 1.933 GC heap after
Heap after GC invocations=7 (full 1):
 PSYoungGen      total 119296K, used 9717K [0x00000000d5f00000, 0x00000000de000000, 0x0000000100000000)
  eden space 109568K, 0% used [0x00000000d5f00000,0x00000000d5f00000,0x00000000dca00000)
  from space 9728K, 99% used [0x00000000dd600000,0x00000000ddf7d480,0x00000000ddf80000)
  to   space 11264K, 0% used [0x00000000dca00000,0x00000000dca00000,0x00000000dd500000)
 ParOldGen       total 52736K, used 8772K [0x0000000081c00000, 0x0000000084f80000, 0x00000000d5f00000)
  object space 52736K, 16% used [0x0000000081c00000,0x00000000824913c8,0x0000000084f80000)
 Metaspace       used 26300K, capacity 27368K, committed 27648K, reserved 1073152K
  class space    used 3559K, capacity 3778K, committed 3840K, reserved 1048576K
}
Event: 2.597 GC heap before
{Heap before GC invocations=8 (full 1):
 PSYoungGen      total 119296K, used 119285K [0x00000000d5f00000, 0x00000000de000000, 0x0000000100000000)
  eden space 109568K, 100% used [0x00000000d5f00000,0x00000000dca00000,0x00000000dca00000)
  from space 9728K, 99% used [0x00000000dd600000,0x00000000ddf7d480,0x00000000ddf80000)
  to   space 11264K, 0% used [0x00000000dca00000,0x00000000dca00000,0x00000000dd500000)
 ParOldGen       total 52736K, used 8772K [0x0000000081c00000, 0x0000000084f80000, 0x00000000d5f00000)
  object space 52736K, 16% used [0x0000000081c00000,0x00000000824913c8,0x0000000084f80000)
 Metaspace       used 30905K, capacity 31970K, committed 32256K, reserved 1077248K
  class space    used 4106K, capacity 4329K, committed 4352K, reserved 1048576K
Event: 2.637 GC heap after
Heap after GC invocations=8 (full 1):
 PSYoungGen      total 120832K, used 11239K [0x00000000d5f00000, 0x00000000e5480000, 0x0000000100000000)
  eden space 109568K, 0% used [0x00000000d5f00000,0x00000000d5f00000,0x00000000dca00000)
  from space 11264K, 99% used [0x00000000dca00000,0x00000000dd4f9d70,0x00000000dd500000)
  to   space 34816K, 0% used [0x00000000e3280000,0x00000000e3280000,0x00000000e5480000)
 ParOldGen       total 53760K, used 53704K [0x0000000081c00000, 0x0000000085080000, 0x00000000d5f00000)
  object space 53760K, 99% used [0x0000000081c00000,0x0000000085072340,0x0000000085080000)
 Metaspace       used 30905K, capacity 31970K, committed 32256K, reserved 1077248K
  class space    used 4106K, capacity 4329K, committed 4352K, reserved 1048576K
}
Event: 2.637 GC heap before
{Heap before GC invocations=9 (full 2):
 PSYoungGen      total 120832K, used 11239K [0x00000000d5f00000, 0x00000000e5480000, 0x0000000100000000)
  eden space 109568K, 0% used [0x00000000d5f00000,0x00000000d5f00000,0x00000000dca00000)
  from space 11264K, 99% used [0x00000000dca00000,0x00000000dd4f9d70,0x00000000dd500000)
  to   space 34816K, 0% used [0x00000000e3280000,0x00000000e3280000,0x00000000e5480000)
 ParOldGen       total 53760K, used 53704K [0x0000000081c00000, 0x0000000085080000, 0x00000000d5f00000)
  object space 53760K, 99% used [0x0000000081c00000,0x0000000085072340,0x0000000085080000)
 Metaspace       used 30905K, capacity 31970K, committed 32256K, reserved 1077248K
  class space    used 4106K, capacity 4329K, committed 4352K, reserved 1048576K
Event: 2.836 GC heap after
Heap after GC invocations=9 (full 2):
 PSYoungGen      total 120832K, used 8027K [0x00000000d5f00000, 0x00000000e5480000, 0x0000000100000000)
  eden space 109568K, 0% used [0x00000000d5f00000,0x00000000d5f00000,0x00000000dca00000)
  from space 11264K, 71% used [0x00000000dca00000,0x00000000dd1d6e68,0x00000000dd500000)
  to   space 34816K, 0% used [0x00000000e3280000,0x00000000e3280000,0x00000000e5480000)
 ParOldGen       total 148480K, used 53626K [0x0000000081c00000, 0x000000008ad00000, 0x00000000d5f00000)
  object space 148480K, 36% used [0x0000000081c00000,0x000000008505e820,0x000000008ad00000)
 Metaspace       used 30905K, capacity 31970K, committed 32256K, reserved 1077248K
  class space    used 4106K, capacity 4329K, committed 4352K, reserved 1048576K
}
Event: 3.331 GC heap before
{Heap before GC invocations=10 (full 2):
 PSYoungGen      total 120832K, used 117595K [0x00000000d5f00000, 0x00000000e5480000, 0x0000000100000000)
  eden space 109568K, 100% used [0x00000000d5f00000,0x00000000dca00000,0x00000000dca00000)
  from space 11264K, 71% used [0x00000000dca00000,0x00000000dd1d6e68,0x00000000dd500000)
  to   space 34816K, 0% used [0x00000000e3280000,0x00000000e3280000,0x00000000e5480000)
 ParOldGen       total 148480K, used 53626K [0x0000000081c00000, 0x000000008ad00000, 0x00000000d5f00000)
  object space 148480K, 36% used [0x0000000081c00000,0x000000008505e820,0x000000008ad00000)
 Metaspace       used 34334K, capacity 35402K, committed 35584K, reserved 1079296K
  class space    used 4546K, capacity 4795K, committed 4864K, reserved 1048576K
Event: 3.388 GC heap after
Heap after GC invocations=10 (full 2):
 PSYoungGen      total 192000K, used 34804K [0x00000000d5f00000, 0x00000000e6c80000, 0x0000000100000000)
  eden space 157184K, 0% used [0x00000000d5f00000,0x00000000d5f00000,0x00000000df880000)
  from space 34816K, 99% used [0x00000000e3280000,0x00000000e547d128,0x00000000e5480000)
  to   space 59392K, 0% used [0x00000000df880000,0x00000000df880000,0x00000000e3280000)
 ParOldGen       total 148480K, used 95114K [0x0000000081c00000, 0x000000008ad00000, 0x00000000d5f00000)
  object space 148480K, 64% used [0x0000000081c00000,0x00000000878e28b0,0x000000008ad00000)
 Metaspace       used 34334K, capacity 35402K, committed 35584K, reserved 1079296K
  class space    used 4546K, capacity 4795K, committed 4864K, reserved 1048576K
}

Deoptimization events (0 events):
No events

Internal exceptions (10 events):
Event: 3.713 Thread 0x00000000031d5800 Exception <a 'java/lang/ArrayIndexOutOfBoundsException'> (0x00000000da564ce0) thrown at [C:\re\workspace\8-2-build-windows-amd64-cygwin\jdk8u102\7268\hotspot\src\share\vm\runtime\sharedRuntime.cpp, line 605]
Event: 3.713 Thread 0x00000000031d5800 Exception <a 'java/lang/ArrayIndexOutOfBoundsException'> (0x00000000da565ca0) thrown at [C:\re\workspace\8-2-build-windows-amd64-cygwin\jdk8u102\7268\hotspot\src\share\vm\runtime\sharedRuntime.cpp, line 605]
Event: 13.129 Thread 0x000000001be82800 Exception <a 'java/lang/ArrayIndexOutOfBoundsException'> (0x00000000db71ac20) thrown at [C:\re\workspace\8-2-build-windows-amd64-cygwin\jdk8u102\7268\hotspot\src\share\vm\runtime\sharedRuntime.cpp, line 605]
Event: 13.129 Thread 0x000000001be82800 Exception <a 'java/lang/ArrayIndexOutOfBoundsException'> (0x00000000db71bbc0) thrown at [C:\re\workspace\8-2-build-windows-amd64-cygwin\jdk8u102\7268\hotspot\src\share\vm\runtime\sharedRuntime.cpp, line 605]
Event: 41.248 Thread 0x000000001be8d800 Exception <a 'java/net/SocketTimeoutException': Read timed out> (0x00000000dbc33ec0) thrown at [C:\re\workspace\8-2-build-windows-amd64-cygwin\jdk8u102\7268\hotspot\src\share\vm\prims\jni.cpp, line 735]
Event: 51.248 Thread 0x000000001be8d800 Exception <a 'java/net/SocketTimeoutException': Read timed out> (0x00000000dbc34218) thrown at [C:\re\workspace\8-2-build-windows-amd64-cygwin\jdk8u102\7268\hotspot\src\share\vm\prims\jni.cpp, line 735]
Event: 61.156 Thread 0x000000001be8c000 Exception <a 'java/net/SocketTimeoutException': Read timed out> (0x00000000dc003490) thrown at [C:\re\workspace\8-2-build-windows-amd64-cygwin\jdk8u102\7268\hotspot\src\share\vm\prims\jni.cpp, line 735]
Event: 61.249 Thread 0x000000001be8d800 Exception <a 'java/net/SocketTimeoutException': Read timed out> (0x00000000dbc34470) thrown at [C:\re\workspace\8-2-build-windows-amd64-cygwin\jdk8u102\7268\hotspot\src\share\vm\prims\jni.cpp, line 735]
Event: 71.157 Thread 0x000000001be8c000 Exception <a 'java/net/SocketTimeoutException': Read timed out> (0x00000000dc0036e8) thrown at [C:\re\workspace\8-2-build-windows-amd64-cygwin\jdk8u102\7268\hotspot\src\share\vm\prims\jni.cpp, line 735]
Event: 71.250 Thread 0x000000001be8d800 Exception <a 'java/net/SocketTimeoutException': Read timed out> (0x00000000dbc346e0) thrown at [C:\re\workspace\8-2-build-windows-amd64-cygwin\jdk8u102\7268\hotspot\src\share\vm\prims\jni.cpp, line 735]

Events (10 events):
Event: 74.747 loading class xyz/redtorch/api/jctp/jctpmdapiv6v3v11x64JNI
Event: 74.747 loading class xyz/redtorch/api/jctp/jctpmdapiv6v3v11x64JNI done
Event: 74.764 loading class xyz/redtorch/trader/gateway/ctp/TdSpi
Event: 74.764 loading class xyz/redtorch/trader/gateway/ctp/TdSpi done
Event: 74.765 loading class xyz/redtorch/api/jctp/CThostFtdcTraderSpi
Event: 74.765 loading class xyz/redtorch/api/jctp/CThostFtdcTraderSpi done
Event: 74.767 loading class xyz/redtorch/api/jctp/jctptraderapiv6v3v11x64JNI
Event: 74.767 loading class xyz/redtorch/api/jctp/jctptraderapiv6v3v11x64JNI done
Event: 74.781 loading class xyz/redtorch/api/jctp/CThostFtdcTraderApi
Event: 74.781 loading class xyz/redtorch/api/jctp/CThostFtdcTraderApi done


Dynamic libraries:
0x00007ff6a6210000 - 0x00007ff6a6247000 	D:\java\jdk1.8.0_102\bin\javaw.exe
0x00007ffa6aae0000 - 0x00007ffa6acc1000 	C:\WINDOWS\SYSTEM32\ntdll.dll
0x00007ffa6a990000 - 0x00007ffa6aa42000 	C:\WINDOWS\System32\KERNEL32.DLL
0x00007ffa67060000 - 0x00007ffa672d3000 	C:\WINDOWS\System32\KERNELBASE.dll
0x00007ffa68b70000 - 0x00007ffa68c11000 	C:\WINDOWS\System32\ADVAPI32.dll
0x00007ffa67f70000 - 0x00007ffa6800e000 	C:\WINDOWS\System32\msvcrt.dll
0x00007ffa6a800000 - 0x00007ffa6a85b000 	C:\WINDOWS\System32\sechost.dll
0x00007ffa6a860000 - 0x00007ffa6a984000 	C:\WINDOWS\System32\RPCRT4.dll
0x00007ffa68c20000 - 0x00007ffa68db0000 	C:\WINDOWS\System32\USER32.dll
0x00007ffa67ea0000 - 0x00007ffa67ec0000 	C:\WINDOWS\System32\win32u.dll
0x00007ffa6a7c0000 - 0x00007ffa6a7e8000 	C:\WINDOWS\System32\GDI32.dll
0x00007ffa67c60000 - 0x00007ffa67df2000 	C:\WINDOWS\System32\gdi32full.dll
0x00007ffa67e00000 - 0x00007ffa67e9f000 	C:\WINDOWS\System32\msvcp_win.dll
0x00007ffa66eb0000 - 0x00007ffa66faa000 	C:\WINDOWS\System32\ucrtbase.dll
0x00007ffa59d90000 - 0x00007ffa59ff9000 	C:\WINDOWS\WinSxS\amd64_microsoft.windows.common-controls_6595b64144ccf1df_6.0.17134.228_none_fb4599993062b194\COMCTL32.dll
0x00007ffa685a0000 - 0x00007ffa688c3000 	C:\WINDOWS\System32\combase.dll
0x00007ffa67be0000 - 0x00007ffa67c5a000 	C:\WINDOWS\System32\bcryptPrimitives.dll
0x00007ffa688f0000 - 0x00007ffa6891d000 	C:\WINDOWS\System32\IMM32.DLL
0x00007ffa66d80000 - 0x00007ffa66dee000 	C:\WINDOWS\System32\dtrampo.dll
0x000000006a480000 - 0x000000006a551000 	D:\java\jdk1.8.0_102\jre\bin\msvcr100.dll
0x000000006abb0000 - 0x000000006b44a000 	D:\java\jdk1.8.0_102\jre\bin\server\jvm.dll
0x00007ffa68190000 - 0x00007ffa68198000 	C:\WINDOWS\System32\PSAPI.DLL
0x00007ffa55b70000 - 0x00007ffa55b79000 	C:\WINDOWS\SYSTEM32\WSOCK32.dll
0x00007ffa6a250000 - 0x00007ffa6a2bc000 	C:\WINDOWS\System32\WS2_32.dll
0x00007ffa641d0000 - 0x00007ffa641f3000 	C:\WINDOWS\SYSTEM32\WINMM.dll
0x00007ffa5a640000 - 0x00007ffa5a64a000 	C:\WINDOWS\SYSTEM32\VERSION.dll
0x00007ffa63ff0000 - 0x00007ffa6401a000 	C:\WINDOWS\SYSTEM32\WINMMBASE.dll
0x00007ffa66fb0000 - 0x00007ffa66ff9000 	C:\WINDOWS\System32\cfgmgr32.dll
0x000000006aba0000 - 0x000000006abaf000 	D:\java\jdk1.8.0_102\jre\bin\verify.dll
0x000000006ab70000 - 0x000000006ab99000 	D:\java\jdk1.8.0_102\jre\bin\java.dll
0x000000006aad0000 - 0x000000006aae6000 	D:\java\jdk1.8.0_102\jre\bin\zip.dll
0x00007ffa68e10000 - 0x00007ffa6a250000 	C:\WINDOWS\System32\SHELL32.dll
0x00007ffa6a2c0000 - 0x00007ffa6a369000 	C:\WINDOWS\System32\shcore.dll
0x00007ffa674d0000 - 0x00007ffa67bdd000 	C:\WINDOWS\System32\windows.storage.dll
0x00007ffa6aa50000 - 0x00007ffa6aaa1000 	C:\WINDOWS\System32\shlwapi.dll
0x00007ffa66e20000 - 0x00007ffa66e31000 	C:\WINDOWS\System32\kernel.appcore.dll
0x00007ffa66e40000 - 0x00007ffa66e5f000 	C:\WINDOWS\System32\profapi.dll
0x00007ffa66e60000 - 0x00007ffa66eac000 	C:\WINDOWS\System32\powrprof.dll
0x00007ffa66e10000 - 0x00007ffa66e1a000 	C:\WINDOWS\System32\FLTLIB.DLL
0x000000006a770000 - 0x000000006a77d000 	D:\java\jdk1.8.0_102\jre\bin\management.dll
0x000000006aa30000 - 0x000000006aa4a000 	D:\java\jdk1.8.0_102\jre\bin\net.dll
0x00007ffa66550000 - 0x00007ffa665b6000 	C:\WINDOWS\system32\mswsock.dll
0x000000006aa10000 - 0x000000006aa21000 	D:\java\jdk1.8.0_102\jre\bin\nio.dll
0x00007ffa554b0000 - 0x00007ffa554c6000 	C:\WINDOWS\system32\napinsp.dll
0x00007ffa55490000 - 0x00007ffa554aa000 	C:\WINDOWS\system32\pnrpnsp.dll
0x00007ffa624f0000 - 0x00007ffa62509000 	C:\WINDOWS\system32\NLAapi.dll
0x00007ffa66330000 - 0x00007ffa663ee000 	C:\WINDOWS\SYSTEM32\DNSAPI.dll
0x0000000019c00000 - 0x0000000019c08000 	C:\WINDOWS\System32\NSI.dll
0x00007ffa662e0000 - 0x00007ffa66318000 	C:\WINDOWS\SYSTEM32\IPHLPAPI.DLL
0x00007ffa55480000 - 0x00007ffa5548e000 	C:\WINDOWS\System32\winrnr.dll
0x00007ffa5a920000 - 0x00007ffa5a92a000 	C:\Windows\System32\rasadhlp.dll
0x00007ffa5b070000 - 0x00007ffa5b0e2000 	C:\WINDOWS\System32\fwpuclnt.dll
0x00007ffa66a80000 - 0x00007ffa66aa5000 	C:\WINDOWS\SYSTEM32\bcrypt.dll
0x00007ffa66ab0000 - 0x00007ffa66ac7000 	C:\WINDOWS\SYSTEM32\CRYPTSP.dll
0x00007ffa66140000 - 0x00007ffa66173000 	C:\WINDOWS\system32\rsaenh.dll
0x00007ffa66c80000 - 0x00007ffa66ca8000 	C:\WINDOWS\SYSTEM32\USERENV.dll
0x00007ffa666b0000 - 0x00007ffa666bb000 	C:\WINDOWS\SYSTEM32\CRYPTBASE.dll
0x00007ffa61d60000 - 0x00007ffa61d76000 	C:\WINDOWS\SYSTEM32\dhcpcsvc6.DLL
0x00007ffa61ca0000 - 0x00007ffa61cba000 	C:\WINDOWS\SYSTEM32\dhcpcsvc.DLL
0x000000006a5b0000 - 0x000000006a5d4000 	D:\java\jdk1.8.0_102\jre\bin\sunec.dll
0x00007ffa39740000 - 0x00007ffa3984a000 	C:\Users\user\AppData\Local\Temp\xyz\redtorch\api\jctp\lib\libiconv.dll
0x00007ffa0ffb0000 - 0x00007ffa1033d000 	C:\Users\user\AppData\Local\Temp\xyz\redtorch\api\jctp\lib\thostmduserapi.dll
0x00007ffa26800000 - 0x00007ffa2695c000 	C:\Users\user\AppData\Local\Temp\xyz\redtorch\api\jctp\lib\jctpmdapiv6v3v11x64.dll
0x00007ffa56480000 - 0x00007ffa56496000 	C:\WINDOWS\SYSTEM32\VCRUNTIME140.dll
0x00007ffa0fa50000 - 0x00007ffa0ffa1000 	C:\Users\user\AppData\Local\Temp\xyz\redtorch\api\jctp\lib\thosttraderapi.dll
0x00007ffa1bba0000 - 0x00007ffa1bd29000 	C:\Users\user\AppData\Local\Temp\xyz\redtorch\api\jctp\lib\jctptraderapiv6v3v11x64.dll
0x00007ffa56290000 - 0x00007ffa56459000 	C:\WINDOWS\SYSTEM32\dbghelp.dll

VM Arguments:
jvm_args: -Dcom.sun.management.jmxremote -Dcom.sun.management.jmxremote.port=11794 -Dcom.sun.management.jmxremote.authenticate=false -Dcom.sun.management.jmxremote.ssl=false -Djava.rmi.server.hostname=localhost -Dspring.liveBeansView.mbeanDomain -Dspring.application.admin.enabled=true -Xverify:none -XX:TieredStopAtLevel=1 -Dfile.encoding=UTF-8 
java_command: com.zd.ZdHftOrderApplication --spring.output.ansi.enabled=always
java_class_path (initial): D:\java\jdk1.8.0_102\jre\lib\resources.jar;D:\java\jdk1.8.0_102\jre\lib\rt.jar;D:\java\jdk1.8.0_102\jre\lib\jsse.jar;D:\java\jdk1.8.0_102\jre\lib\jce.jar;D:\java\jdk1.8.0_102\jre\lib\charsets.jar;D:\java\jdk1.8.0_102\jre\lib\jfr.jar;D:\java\jdk1.8.0_102\jre\lib\ext\access-bridge-64.jar;D:\java\jdk1.8.0_102\jre\lib\ext\cldrdata.jar;D:\java\jdk1.8.0_102\jre\lib\ext\dnsns.jar;D:\java\jdk1.8.0_102\jre\lib\ext\jaccess.jar;D:\java\jdk1.8.0_102\jre\lib\ext\jfxrt.jar;D:\java\jdk1.8.0_102\jre\lib\ext\localedata.jar;D:\java\jdk1.8.0_102\jre\lib\ext\nashorn.jar;D:\java\jdk1.8.0_102\jre\lib\ext\sunec.jar;D:\java\jdk1.8.0_102\jre\lib\ext\sunjce_provider.jar;D:\java\jdk1.8.0_102\jre\lib\ext\sunmscapi.jar;D:\java\jdk1.8.0_102\jre\lib\ext\sunpkcs11.jar;D:\java\jdk1.8.0_102\jre\lib\ext\zipfs.jar;E:\²ßÂÔÆ½Ì¨\gitresp\stratagy-trader\zd-hft-order\target\classes;E:\apache-maven-3.3.3\repository\org\springframework\boot\spring-boot-starter-web\2.0.0.RELEASE\spring-boot-starter-web-2.0.0.RELEASE.jar;E:\apache-maven-3.3.3\repository\org\springframework\boot\spring-boot-starter\2.0.0.RELEASE\spring-boot-starter-2.0.0.RELEASE.jar;E:\apache-maven-3.3.3\repository\org\springframework\boot\spring-boot\2.0.0.RELEASE\spring-boot-2.0.0.RELEASE.jar;E:\apache-maven-3.3.3\repository\org\springframework\boot\spring-boot-autoconfigure\2.0.0.RELEASE\spring-boot-autoconfigure-2.0.0.RELEASE.jar;E:\apache-maven-3.3.3\repository\org\springframework\boot\spring-boot-starter-logging\2.0.0.RELEASE\spring-boot-starter-logging-2.0.0.RELEASE.jar;E:\apache-maven-3.3.3\repository\org\apache\logging\log4j\log4j-to-slf4j\2.10.0\log4j-to-slf4j-2.10.0.jar;E:\apache-maven-3.3.3\repository\org\apache\logging\log4j\log4j-api\2.10.0\log4j-api-2.10.0.jar;E:\apache-maven-3.3.3\repository\org\slf4j\jul-to-slf4j\1.7.25\jul-to-slf4j-1.7.25.jar;E:\apache-maven-3.3.3\repository\javax\annotation\javax.annotation-api\1.3.2\javax.annotation-api-1.3.2.jar;E:\apache-maven-3.3.3\repository\org\yaml\snakeyam
Launcher Type: SUN_STANDARD

Environment Variables:
JAVA_HOME=D:\java\jdk1.8.0_102
CLASSPATH=.;D:\java\jdk1.8.0_102\lib\dt.jar;D:\java\jdk1.8.0_102\lib\tools.jar;
PATH=D:/java/jdk1.8.0_102/bin/../jre/bin/server;D:/java/jdk1.8.0_102/bin/../jre/bin;D:/java/jdk1.8.0_102/bin/../jre/lib/amd64;D:\java\jdk1.8.0_102\bin;D:\java\jdk1.8.0_102\jre\bin;C:\WINDOWS\system32;C:\WINDOWS;C:\WINDOWS\System32\Wbem;C:\WINDOWS\System32\WindowsPowerShell\v1.0\;D:\apache-maven-3.3.3\bin;D:\TortoiseSVN\bin;D:\elasticsearch-6.1.1\bin;D:\erlang\erl9.2\bin;C:\ProgramData\Oracle\Java\javapath;D:\git\Git\cmd;D:\mysql-5.6.24-winx64\bin;C:\Program Files (x86)\Microsoft SQL Server\100\Tools\Binn\;C:\Program Files\Microsoft SQL Server\100\Tools\Binn\;C:\Program Files\Microsoft SQL Server\100\DTS\Binn\;C:\WINDOWS\system32\config\systemprofile\.dnx\bin;C:\Program Files\Microsoft DNX\Dnvm\;C:\Program Files\Microsoft SQL Server\130\Tools\Binn\;C:\Program Files (x86)\Windows Kits\8.1\Windows Performance Toolkit\;C:\Program Files\Microsoft SQL Server\110\Tools\Binn\;C:\WINDOWS\System32\OpenSSH\;D:\HDF_Group\HDF5\1.8.20\bin\;C:\Users\user\AppData\Local\Microsoft\WindowsApps;;D:\STS\sts-bundle\sts-3.9.2.RELEASE;
USERNAME=user
OS=Windows_NT
PROCESSOR_IDENTIFIER=Intel64 Family 6 Model 94 Stepping 3, GenuineIntel



---------------  S Y S T E M  ---------------

OS: Windows 10.0 , 64 bit Build 17134 (10.0.17134.1)

CPU:total 4 (4 cores per cpu, 1 threads per core) family 6 model 94 stepping 3, cmov, cx8, fxsr, mmx, sse, sse2, sse3, ssse3, sse4.1, sse4.2, popcnt, avx, avx2, aes, clmul, erms, rtm, 3dnowpref, lzcnt, tsc, tscinvbit, bmi1, bmi2, adx

Memory: 4k page, physical 8267028k(1378456k free), swap 15344916k(2683664k free)

vm_info: Java HotSpot(TM) 64-Bit Server VM (25.102-b14) for windows-amd64 JRE (1.8.0_102-b14), built on Jun 22 2016 13:15:21 by "java_re" with MS VC++ 10.0 (VS2010)

time: Fri Aug 24 14:03:34 2018
elapsed time: 74 seconds (0d 0h 1m 14s)

